生成启动时间为 2013/12/31 22:13:52。
     1>项目“D:\Document\security of internet\RSA\RSA_1.0\RSA\RSA.vcxproj”在节点 2 上(build 个目标)。
     1>InitializeBuildStatus:
         正在创建“Release\RSA.unsuccessfulbuild”，因为已指定“AlwaysCreate”。
       ClCompile:
         c:\Program Files (x86)\Microsoft Visual Studio 10.0\VC\bin\CL.exe /c /Zi /nologo /W3 /WX- /O2 /Oi /Oy- /GL /D WIN32 /D NDEBUG /D _CONSOLE /D _UNICODE /D UNICODE /Gm- /EHsc /MD /GS /Gy /fp:precise /Zc:wchar_t /Zc:forScope /Fo"Release\\" /Fd"Release\vc100.pdb" /Gd /TP /analyze- /errorReport:prompt main.cpp
         main.cpp
     1>d:\document\security of internet\rsa\rsa_1.0\rsa\BigInt.h(136): warning C4018: “<”: 有符号/无符号不匹配
       Link:
         c:\Program Files (x86)\Microsoft Visual Studio 10.0\VC\bin\link.exe /ERRORREPORT:PROMPT /OUT:"D:\Document\security of internet\RSA\RSA_1.0\Release\RSA.exe" /INCREMENTAL:NO /NOLOGO kernel32.lib user32.lib gdi32.lib winspool.lib comdlg32.lib advapi32.lib shell32.lib ole32.lib oleaut32.lib uuid.lib odbc32.lib odbccp32.lib /MANIFEST /ManifestFile:"Release\RSA.exe.intermediate.manifest" /MANIFESTUAC:"level='asInvoker' uiAccess='false'" /DEBUG /PDB:"D:\Document\security of internet\RSA\RSA_1.0\Release\RSA.pdb" /SUBSYSTEM:CONSOLE /OPT:REF /OPT:ICF /LTCG /TLBID:1 /DYNAMICBASE /NXCOMPAT /IMPLIB:"D:\Document\security of internet\RSA\RSA_1.0\Release\RSA.lib" /MACHINE:X86 Release\BigInt.obj
         Release\main.obj
         Release\Rsa.obj
         正在生成代码
         已完成代码的生成
         RSA.vcxproj -> D:\Document\security of internet\RSA\RSA_1.0\Release\RSA.exe
       Manifest:
         C:\Program Files (x86)\Microsoft SDKs\Windows\v7.0A\bin\mt.exe /nologo /verbose /outputresource:"D:\Document\security of internet\RSA\RSA_1.0\Release\RSA.exe;#1" /manifest Release\RSA.exe.intermediate.manifest
       FinalizeBuildStatus:
         正在删除文件“Release\RSA.unsuccessfulbuild”。
         正在对“Release\RSA.lastbuildstate”执行 Touch 任务。
     1>已完成生成项目“D:\Document\security of internet\RSA\RSA_1.0\RSA\RSA.vcxproj”(build 个目标)的操作。

生成成功。

已用时间 00:00:02.26
